[29/01/15 11:11:26] -  = ../app/controller/books/story.contr.php 
[29/01/15 11:11:24] -  = ../app/controller/books/story.contr.php 
[29/01/15 10:59:56] -  = ../app/controller/books/story.contr.php 
[29/01/15 10:53:53] -  = ../app/controller/books/story.contr.php 
[29/01/15 10:53:38] -  = ../app/controller/books/story.contr.php 
[29/01/15 10:52:58] -  = ../app/controller/books/story.contr.php 
[29/01/15 10:51:05] -  = ../app/controller/books/story.contr.php 
[29/01/15 10:50:32] -  = ../app/controller/books/story.contr.php 
[29/01/15 10:50:30] -  = ../app/controller/books/story.contr.php 
[29/01/15 10:50:14] -  = ../app/controller/books/memorie.contr.php 
[29/01/15 10:50:14] -  = ../app/controller/books/cover.contr.php 
[29/01/15 10:49:53] -  = ../app/controller/books/cover.contr.php 
[29/01/15 10:49:52] -  = ../app/controller/index/index.contr.php 
[29/01/15 10:49:52] -  = ../app/controller/index/index.contr.php 
[29/01/15 10:49:51] -  = ../app/controller/index/index.contr.php 
[29/01/15 10:49:47] -  = ../app/controller/index/index.contr.php 
[29/01/15 10:49:07] -  = ../app/controller/books/memorie.contr.php 
[29/01/15 10:49:07] -  = ../app/controller/books/cover.contr.php 
[29/01/15 10:49:05] -  = ../app/controller/index/index.contr.php 
[29/01/15 10:49:05] -  = ../app/controller/books/bookslist.contr.php 
[29/01/15 10:48:35] -  = ../app/controller/books/memorie.contr.php 
[29/01/15 10:48:35] -  = ../app/controller/books/story.contr.php 
[29/01/15 10:48:35] -  = ../app/controller/books/story.contr.php 
[29/01/15 10:48:04] -  = ../app/controller/books/memorie.contr.php 
[29/01/15 10:48:04] -  = ../app/controller/books/story.contr.php 
[29/01/15 10:48:03] -  = ../app/controller/books/story.contr.php 
[29/01/15 10:47:50] -  = ../app/controller/books/story.contr.php 
[29/01/15 10:44:15] -  = ../app/controller/books/story.contr.php 
[29/01/15 10:43:54] -  = ../app/controller/books/story.contr.php 
[29/01/15 10:43:10] -  = ../app/controller/books/story.contr.php 
[29/01/15 10:42:50] -  = ../app/controller/books/story.contr.php 
[29/01/15 10:42:34] -  = ../app/controller/books/story.contr.php 
[29/01/15 10:42:08] -  = ../app/controller/books/story.contr.php 
[29/01/15 10:41:49] -  = ../app/controller/books/story.contr.php 
[29/01/15 10:41:49] -  = ../app/controller/books/story.contr.php 
[29/01/15 10:41:49] -  = ../app/controller/books/story.contr.php 
[29/01/15 10:41:49] -  = ../app/controller/books/story.contr.php 
[29/01/15 10:41:48] -  = ../app/controller/books/story.contr.php 
[29/01/15 10:41:48] -  = ../app/controller/books/story.contr.php 
[29/01/15 10:41:47] -  = ../app/controller/books/story.contr.php 
[29/01/15 10:41:38] -  = ../app/controller/books/story.contr.php 
[29/01/15 10:41:10] -  = ../app/controller/books/story.contr.php 
[29/01/15 10:41:10] -  = ../app/controller/books/story.contr.php 
[29/01/15 10:41:09] -  = ../app/controller/books/story.contr.php 
[29/01/15 10:41:09] -  = ../app/controller/books/story.contr.php 
[29/01/15 10:41:09] -  = ../app/controller/books/story.contr.php 
[29/01/15 10:41:09] -  = ../app/controller/books/story.contr.php 
[29/01/15 10:41:08] -  = ../app/controller/books/story.contr.php 
[29/01/15 10:41:08] -  = ../app/controller/books/story.contr.php 
[29/01/15 10:41:07] -  = ../app/controller/books/story.contr.php 
[29/01/15 10:40:48] -  = ../app/controller/books/story.contr.php 
[29/01/15 10:39:34] -  = ../app/controller/books/story.contr.php 
[29/01/15 10:37:07] -  = ../app/controller/books/story.contr.php 
[29/01/15 10:28:34] -  = ../app/controller/books/story.contr.php 
[29/01/15 10:27:08] -  = ../app/controller/books/story.contr.php 
[29/01/15 10:25:16] -  = ../app/controller/books/story.contr.php 
[29/01/15 10:25:04] -  = ../app/controller/books/story.contr.php 
[29/01/15 10:25:03] -  = ../app/controller/books/story.contr.php 
[29/01/15 10:24:42] -  = ../app/controller/books/story.contr.php 
[29/01/15 10:22:52] -  = ../app/controller/books/story.contr.php 
[29/01/15 10:22:32] -  = ../app/controller/books/memorie.contr.php 
[29/01/15 10:22:31] -  = ../app/controller/books/cover.contr.php 
[29/01/15 10:21:35] -  = ../app/controller/books/cover.contr.php 
[29/01/15 10:21:34] -  = ../app/controller/index/index.contr.php 
[29/01/15 10:21:25] -  = ../app/controller/books/memorie.contr.php 
[29/01/15 10:21:25] -  = ../app/controller/books/cover.contr.php 
[29/01/15 10:21:23] -  = ../app/controller/index/index.contr.php 
[29/01/15 10:21:23] -  = ../app/controller/books/bookslist.contr.php 
[29/01/15 10:20:57] -  = ../app/controller/books/story.contr.php 
[29/01/15 10:20:11] -  = ../app/controller/books/story.contr.php 
[29/01/15 09:48:55] -  = ../app/controller/index/index.contr.php 
[29/01/15 09:48:53] -  = ../app/controller/books/traveljournal.contr.php 
[29/01/15 09:48:22] -  = ../app/controller/index/index.contr.php 
[29/01/15 09:48:20] -  = ../app/controller/users/login.contr.php 
